This is pdfTeX, Version 3.14159265-2.6-1.40.21 (TeX Live 2020) (preloaded format=latex 2020.5.15)  5 FEB 2024 15:05
entering extended mode
 restricted \write18 enabled.
 %&-line parsing enabled.
**\makeatletter\def\HCode{\futurelet\HCode\HChar}\def\HChar{\ifx"\HCode\def\HCo
de"##1"{\Link##1}\expandafter\HCode\else\expandafter\Link\fi}\def\Link#1.a.b.c.
{\g@addto@macro\@documentclasshook{\RequirePackage[#1,html]{tex4ht}}\let\HCode\
documentstyle\def\documentstyle{\let\documentstyle\HCode\expandafter\def\csname
 tex4ht\endcsname{#1,html}\def\HCode####1{\documentstyle[tex4ht,}\@ifnextchar[{
\HCode}{\documentstyle[tex4ht]}}}\makeatother\HCode xhtml,,charset=utf-8,html5.
a.b.c.\input "\detokenize{filename.tex}"
! Emergency stop.
<*> ...l5.a.b.c.\input "\detokenize{filename.tex}"
                                                  
*** (job aborted, file error in nonstop mode)

 
Here is how much of TeX's memory you used:
 18 strings out of 480609
 382 string characters out of 5903656
 239607 words of memory out of 5000000
 16012 multiletter control sequences out of 15000+600000
 532338 words of font info for 24 fonts, out of 8000000 for 9000
 1141 hyphenation exceptions out of 8191
 11i,0n,15p,543b,8s stack positions out of 5000i,500n,10000p,200000b,80000s
No pages of output.
